0 info it worked if it ends with ok
1 verbose cli [ '/usr/local/bin/node', '/usr/local/bin/npm', 'run', 'pug' ]
2 info using npm@3.10.5
3 info using node@v4.4.5
4 verbose config Skipping project config: /Users/cpate/.npmrc. (matches userconfig)
5 verbose stack Error: ENOENT: no such file or directory, open '/Users/cpate/package.json'
5 verbose stack     at Error (native)
6 verbose cwd /Users/cpate/Desktop/best-restaurants-2015
7 error Darwin 15.4.0
8 error argv "/usr/local/bin/node" "/usr/local/bin/npm" "run" "pug"
9 error node v4.4.5
10 error npm  v3.10.5
11 error path /Users/cpate/package.json
12 error code ENOENT
13 error errno -2
14 error syscall open
15 error enoent ENOENT: no such file or directory, open '/Users/cpate/package.json'
16 error enoent ENOENT: no such file or directory, open '/Users/cpate/package.json'
16 error enoent This is most likely not a problem with npm itself
16 error enoent and is related to npm not being able to find a file.
17 verbose exit [ -2, true ]
